/*C3*/SET SCHEMA PUBLIC
INSERT INTO PRODUTO VALUES(35,'Mesa Azul','Mesa com 4 cadeiras')
COMMIT
SET SCHEMA PUBLIC
DISCONNECT
/*C2*/SET SCHEMA PUBLIC
DELETE FROM PRODUTO WHERE ID=26
DELETE FROM PRODUTO WHERE ID=27
DELETE FROM PRODUTO WHERE ID=29
DELETE FROM PRODUTO WHERE ID=30
DELETE FROM PRODUTO WHERE ID=31
DELETE FROM PRODUTO WHERE ID=32
DELETE FROM PRODUTO WHERE ID=33
DELETE FROM PRODUTO WHERE ID=34
DELETE FROM PRODUTO WHERE ID=35
COMMIT
/*C4*/SET SCHEMA PUBLIC
INSERT INTO PRODUTO VALUES(36,'Mesa Azul','Mesa com 4 cadeiras')
COMMIT
SET SCHEMA PUBLIC
DISCONNECT
/*C5*/SET SCHEMA PUBLIC
INSERT INTO PRODUTO VALUES(37,'Mesa Vermelha','Mesa com 4 cadeiras')
COMMIT
SET SCHEMA PUBLIC
DISCONNECT
/*C6*/SET SCHEMA PUBLIC
INSERT INTO PRODUTO VALUES(38,'Mesa Vermelha','Mesa com 4 cadeiras')
COMMIT
SET SCHEMA PUBLIC
DISCONNECT
/*C7*/SET SCHEMA PUBLIC
INSERT INTO PRODUTO VALUES(39,'Mesa laranja','Mesa com 4 cadeiras')
COMMIT
SET SCHEMA PUBLIC
DISCONNECT
/*C8*/SET SCHEMA PUBLIC
INSERT INTO PRODUTO VALUES(40,'Mesa laranja','Mesa com 4 cadeiras')
COMMIT
SET SCHEMA PUBLIC
DISCONNECT
/*C2*/DELETE FROM PRODUTO WHERE ID=36
DELETE FROM PRODUTO WHERE ID=37
DELETE FROM PRODUTO WHERE ID=38
DELETE FROM PRODUTO WHERE ID=39
DELETE FROM PRODUTO WHERE ID=40
COMMIT
create table Categoria (id integer generated by default as identity primary key, nome varchar(255))\u000d\u000a
/*C9*/SET SCHEMA PUBLIC
INSERT INTO PRODUTO VALUES(41,'Mesa laranja','Mesa com 4 cadeiras')
COMMIT
SET SCHEMA PUBLIC
DISCONNECT
/*C10*/SET SCHEMA PUBLIC
INSERT INTO PRODUTO VALUES(42,'Mesa vermelha','Mesa com 6 cadeiras')
COMMIT
SET SCHEMA PUBLIC
DISCONNECT
/*C2*/INSERT INTO CATEGORIA VALUES(0,'Eletrodom\u00e9stico')
COMMIT
INSERT INTO CATEGORIA VALUES(1,'Eletr\u00f4nico')
COMMIT
INSERT INTO CATEGORIA VALUES(2,'M\u00f3vel')
COMMIT
alter table Produto add column categoria_id integer\u000d\u000a
DELETE FROM PRODUTO WHERE ID=1
DELETE FROM PRODUTO WHERE ID=2
INSERT INTO PRODUTO VALUES(1,'Geladeira','Geladeira duas portas',0)
INSERT INTO PRODUTO VALUES(2,'Ferro de passar','Ferro de passar roupa com vaporizador',0)
COMMIT
DELETE FROM PRODUTO WHERE ID=3
INSERT INTO PRODUTO VALUES(3,'Notebook','Notebook Gamming i7',1)
COMMIT
DELETE FROM PRODUTO WHERE ID=41
DELETE FROM PRODUTO WHERE ID=42
INSERT INTO PRODUTO VALUES(41,'Mesa laranja','Mesa com 4 cadeiras',2)
INSERT INTO PRODUTO VALUES(42,'Mesa vermelha','Mesa com 6 cadeiras',2)
COMMIT
/*C11*/SET SCHEMA PUBLIC
DISCONNECT
/*C12*/SET SCHEMA PUBLIC
DISCONNECT
/*C13*/SET SCHEMA PUBLIC
DISCONNECT
/*C14*/SET SCHEMA PUBLIC
DISCONNECT
/*C15*/SET SCHEMA PUBLIC
DISCONNECT
/*C16*/SET SCHEMA PUBLIC
DISCONNECT
/*C17*/SET SCHEMA PUBLIC
DISCONNECT
/*C2*/DISCONNECT
